{
  "RSpec": {
    "coverage": {
      "/home/binding-language-7578/tic-tac-toe-rb-nyc-fast-track-121419/lib/tic_tac_toe.rb": [
        null,
        1,
        null,
        null,
        null,
        null,
        null,
        null,
        null,
        null,
        null,
        1,
        14,
        14,
        14,
        14,
        14,
        null,
        null,
        1,
        20,
        null,
        null,
        1,
        12,
        null,
        null,
        1,
        173,
        115,
        null,
        58,
        null,
        null,
        null,
        1,
        13,
        3,
        null,
        10,
        null,
        null,
        null,
        1,
        10,
        10,
        10,
        10,
        9,
        9,
        null,
        1,
        null,
        null,
        null,
        1,
        18,
        18,
        162,
        89,
        null,
        null,
        18,
        null,
        null,
        1,
        1,
        1,
        null,
        0,
        null,
        null,
        null,
        1,
        32,
        158,
        null,
        null,
        null,
        null,
        null,
        1,
        16,
        7,
        null,
        9,
        null,
        null,
        null,
        1,
        8,
        2,
        null,
        6,
        null,
        null,
        null,
        1,
        11,
        7,
        null,
        4,
        null,
        null,
        null,
        1,
        6,
        null,
        5,
        3,
        2,
        2,
        null,
        null,
        null,
        1,
        12,
        7,
        7,
        0,
        null,
        5,
        3,
        null,
        2,
        null,
        null
      ]
    },
    "timestamp": 1576439655
  }
}
